0 info it worked if it ends with ok
1 verbose cli [ '/usr/local/Cellar/node/6.8.1/bin/node',
1 verbose cli   '/usr/local/bin/npm',
1 verbose cli   'publish' ]
2 info using npm@3.10.8
3 info using node@v6.8.1
4 verbose publish [ '.' ]
5 silly cache add args [ '.', null ]
6 verbose cache add spec .
7 silly cache add parsed spec Result {
7 silly cache add   raw: '.',
7 silly cache add   scope: null,
7 silly cache add   escapedName: null,
7 silly cache add   name: null,
7 silly cache add   rawSpec: '.',
7 silly cache add   spec: '/Users/colmtuite/dev/modulz',
7 silly cache add   type: 'directory' }
8 verbose addLocalDirectory /Users/colmtuite/.npm/modulz/0.6.0/package.tgz not in flight; packing
9 verbose correctMkdir /Users/colmtuite/.npm correctMkdir not in flight; initializing
10 info lifecycle modulz@0.6.0~prepublish: modulz@0.6.0
11 silly lifecycle modulz@0.6.0~prepublish: no script for prepublish, continuing
12 verbose tar pack [ '/Users/colmtuite/.npm/modulz/0.6.0/package.tgz',
12 verbose tar pack   '/Users/colmtuite/dev/modulz' ]
13 verbose tarball /Users/colmtuite/.npm/modulz/0.6.0/package.tgz
14 verbose folder /Users/colmtuite/dev/modulz
15 verbose addLocalTarball adding from inside cache /Users/colmtuite/.npm/modulz/0.6.0/package.tgz
16 verbose correctMkdir /Users/colmtuite/.npm correctMkdir not in flight; initializing
17 silly cache afterAdd modulz@0.6.0
18 verbose afterAdd /Users/colmtuite/.npm/modulz/0.6.0/package/package.json not in flight; writing
19 verbose correctMkdir /Users/colmtuite/.npm correctMkdir not in flight; initializing
20 verbose afterAdd /Users/colmtuite/.npm/modulz/0.6.0/package/package.json written
21 silly publish { name: 'modulz',
21 silly publish   version: '0.6.0',
21 silly publish   description: 'A CSS library of components for building responsive websites and applications.',
21 silly publish   author:
21 silly publish    { name: 'Colm Tuite',
21 silly publish      email: 'colmtuite@gmail.com',
21 silly publish      url: 'http://www.colmtuite.com' },
21 silly publish   style: 'src/css/modulz.css',
21 silly publish   main: 'dist/modulz.min.css',
21 silly publish   files: [ 'css', 'src' ],
21 silly publish   keywords: [ 'css', 'oocss', 'framework', 'front-end' ],
21 silly publish   scripts:
21 silly publish    { start: 'webpack-dev-server --config \'./build/webpack.dev.config.js\'',
21 silly publish      build: 'rimraf ./public/* && webpack -p --config \'./build/webpack.build.config.js\'',
21 silly publish      'build:dist:js': 'webpack -p --config \'./build/webpack.dist.js.config.js\'',
21 silly publish      'build:dist:main': 'webpack -p --config \'./build/webpack.dist.config.js\'',
21 silly publish      'build:dist': 'rimraf ./dist/* clean && npm run build:dist:js && npm run build:dist:main' },
21 silly publish   repository: { type: 'git', url: 'git+https://github.com/modulz/modulz.git' },
21 silly publish   license: 'MIT',
21 silly publish   bugs: { url: 'https://github.com/modulz/modulz/issues' },
21 silly publish   homepage: 'https://www.modulz.co',
21 silly publish   devDependencies:
21 silly publish    { 'babel-core': '^6.25.0',
21 silly publish      'babel-loader': '^7.1.1',
21 silly publish      'babel-preset-es2015': '^6.24.1',
21 silly publish      'css-loader': '^0.28.4',
21 silly publish      'extract-text-webpack-plugin': '^3.0.0',
21 silly publish      'file-loader': '^0.11.2',
21 silly publish      'highlight.js': '^9.12.0',
21 silly publish      'html-loader': '^0.5.1',
21 silly publish      'html-webpack-plugin': '^2.30.1',
21 silly publish      'postcss-cssnext': '^3.0.2',
21 silly publish      'postcss-import': '^10.0.0',
21 silly publish      'postcss-loader': '^2.0.6',
21 silly publish      'style-loader': '^0.18.2',
21 silly publish      webpack: '^3.5.3',
21 silly publish      'webpack-dev-server': '^2.7.1' },
21 silly publish   contributors: [ { name: 'Colm Tuite', email: 'colmtuite@gmail.com' } ],
21 silly publish   readme: '# Modulz\n\nAn open-source design system for building scalable, responsive websites and applications.\n\n## Getting started\n\nPaste this line of code into the &lt;head&gt; of your html files.\n```html\n<link rel="stylesheet" href="https://s3.amazonaws.com/modulz/modulz.min.css">\n```\n\nor install with npm\n```shell\nnpm install modulz\n```\n\n## Documentation\n\n[Modulz Docs](https://www.modulz.co/overview/installation)\n\n## Test page\n\nFor now, to get started, you will also need to html starter document. Just create a new\nfolder, create an index.html file inside, then paste in the code below and open it in a browser.\n```html\n<!DOCTYPE html>\n<html class="oy-scroll" lang="en" style="font-size: 62.5%;">\n    <head>\n        <meta charset="utf-8">\n        <meta name="viewport" content="width=device-width,initial-scale=1">\n        <title>Modulz Starter</title>\n        <link rel="stylesheet" href="https://s3.amazonaws.com/modulz/modulz.min.css">\n    </head>\n    <body class="ff-sansSerif color-gray900">\n        <!-- Add your content here -->\n    </body>\n</html>\n```\n\n## License\n\nMIT. You can use Modulz as you see fit.\n',
21 silly publish   readmeFilename: 'README.md',
21 silly publish   gitHead: '4613c82e7cd3ff5367a27acf0ae695b76f4ffef8',
21 silly publish   _id: 'modulz@0.6.0',
21 silly publish   _shasum: 'e04fa1bcc4fa11d3be386ee92d9b63945e7b0b77',
21 silly publish   _from: '.' }
22 verbose getPublishConfig undefined
23 silly mapToRegistry name modulz
24 silly mapToRegistry using default registry
25 silly mapToRegistry registry https://registry.npmjs.org/
26 silly mapToRegistry data Result {
26 silly mapToRegistry   raw: 'modulz',
26 silly mapToRegistry   scope: null,
26 silly mapToRegistry   escapedName: 'modulz',
26 silly mapToRegistry   name: 'modulz',
26 silly mapToRegistry   rawSpec: '',
26 silly mapToRegistry   spec: 'latest',
26 silly mapToRegistry   type: 'tag' }
27 silly mapToRegistry uri https://registry.npmjs.org/modulz
28 verbose publish registryBase https://registry.npmjs.org/
29 silly publish uploading /Users/colmtuite/.npm/modulz/0.6.0/package.tgz
30 verbose request uri https://registry.npmjs.org/modulz
31 verbose request sending authorization for write operation
32 info attempt registry request try #1 at 7:19:12 PM
33 verbose request using bearer token for auth
34 verbose request id 6e38f47ea6d8b8a5
35 http request PUT https://registry.npmjs.org/modulz
36 http 403 https://registry.npmjs.org/modulz
37 verbose headers { 'content-type': 'application/json',
37 verbose headers   'cache-control': 'max-age=300',
37 verbose headers   'content-length': '100',
37 verbose headers   'accept-ranges': 'bytes',
37 verbose headers   date: 'Wed, 15 Nov 2017 19:19:13 GMT',
37 verbose headers   via: '1.1 varnish',
37 verbose headers   connection: 'keep-alive',
37 verbose headers   'x-served-by': 'cache-lhr6337-LHR',
37 verbose headers   'x-cache': 'MISS',
37 verbose headers   'x-cache-hits': '0',
37 verbose headers   'x-timer': 'S1510773553.619670,VS0,VE1098',
37 verbose headers   vary: 'Accept-Encoding, Accept' }
38 verbose request invalidating /Users/colmtuite/.npm/registry.npmjs.org/modulz on PUT
39 error publish Failed PUT 403
40 verbose stack Error: You do not have permission to publish "modulz". Are you logged in as the correct user? : modulz
40 verbose stack     at makeError (/usr/local/lib/node_modules/npm/node_modules/npm-registry-client/lib/request.js:302:12)
40 verbose stack     at CachingRegistryClient.<anonymous> (/usr/local/lib/node_modules/npm/node_modules/npm-registry-client/lib/request.js:290:14)
40 verbose stack     at Request._callback (/usr/local/lib/node_modules/npm/node_modules/npm-registry-client/lib/request.js:210:14)
40 verbose stack     at Request.self.callback (/usr/local/lib/node_modules/npm/node_modules/request/request.js:187:22)
40 verbose stack     at emitTwo (events.js:106:13)
40 verbose stack     at Request.emit (events.js:191:7)
40 verbose stack     at Request.<anonymous> (/usr/local/lib/node_modules/npm/node_modules/request/request.js:1044:10)
40 verbose stack     at emitOne (events.js:96:13)
40 verbose stack     at Request.emit (events.js:188:7)
40 verbose stack     at IncomingMessage.<anonymous> (/usr/local/lib/node_modules/npm/node_modules/request/request.js:965:12)
41 verbose statusCode 403
42 verbose pkgid modulz
43 verbose cwd /Users/colmtuite/dev/modulz
44 error Darwin 16.7.0
45 error argv "/usr/local/Cellar/node/6.8.1/bin/node" "/usr/local/bin/npm" "publish"
46 error node v6.8.1
47 error npm  v3.10.8
48 error code E403
49 error You do not have permission to publish "modulz". Are you logged in as the correct user? : modulz
50 error If you need help, you may report this error at:
50 error     <https://github.com/npm/npm/issues>
51 verbose exit [ 1, true ]
